<?xml version="1.0" encoding="UTF-8"?>
<!-- Generated by org.testng.reporters.JUnitReportReporter -->
<testsuite hostname="Sourya" name="com.upraise.cloud.tests.UpcloudTest" tests="1" failures="0" timestamp="25 Jul 2017 06:29:15 GMT" time="38.062" errors="1">
  <testcase name="upraiselogin" time="38.062" classname="com.upraise.cloud.tests.UpcloudTest"/>
</testsuite> <!-- com.upraise.cloud.tests.UpcloudTest -->
