<?xml version="1.0" encoding="UTF-8"?>
<!-- Generated by org.testng.reporters.JUnitReportReporter -->
<testsuite hostname="Sourya" name="com.qmetry.qaf.example.test.SampleTest" tests="1" failures="0" timestamp="18 Jul 2017 13:10:30 GMT" time="12.631" errors="0">
  <testcase name="testGoogleSearch" time="12.631" classname="com.qmetry.qaf.example.test.SampleTest"/>
</testsuite> <!-- com.qmetry.qaf.example.test.SampleTest -->
