<?xml version="1.0" encoding="UTF-8"?>
<!-- Generated by org.testng.reporters.JUnitReportReporter -->
<testsuite hostname="Sourya" name="com.qmetry.qaf.automation.step.client.Scenario" tests="1" failures="1" timestamp="18 Jul 2017 10:07:48 GMT" time="1.214" errors="0">
  <testcase name="SampleTest" time="1.214" classname="com.qmetry.qaf.automation.step.client.Scenario">
    <failure type="com.qmetry.qaf.automation.core.AutomationError" message="Unable to Create Driver Instance for chrome: Driver file not exist.">
      <![CDATA[com.qmetry.qaf.automation.core.AutomationError: Unable to Create Driver Instance for chrome: Driver file not exist.
	at .Given get '/'(scenarios/suite1.bdd:6)
	at com.qmetry.qaf.automation.ui.UiDriverFactory$Browsers.getDriver(UiDriverFactory.java:376)
	at com.qmetry.qaf.automation.ui.UiDriverFactory$Browsers.access$4(UiDriverFactory.java:363)
	at com.qmetry.qaf.automation.ui.UiDriverFactory.getDriver(UiDriverFactory.java:220)
	at com.qmetry.qaf.automation.ui.UiDriverFactory.get(UiDriverFactory.java:95)
	at com.qmetry.qaf.automation.core.QAFTestBase.init(QAFTestBase.java:364)
	at com.qmetry.qaf.automation.core.QAFTestBase.getUiDriver(QAFTestBase.java:162)
	at com.qmetry.qaf.automation.ui.WebDriverTestBase.getDriver(WebDriverTestBase.java:47)
	at com.qmetry.qaf.automation.step.CommonStep.get(CommonStep.java:313)
	at com.qmetry.qaf.automation.step.JavaStep.doExecute(JavaStep.java:129)
	at com.qmetry.qaf.automation.step.BaseTestStep.execute(BaseTestStep.java:148)
	at com.qmetry.qaf.automation.step.StringTestStep.execute(StringTestStep.java:109)
	at com.qmetry.qaf.automation.step.client.Scenario.execute(Scenario.java:151)
	at com.qmetry.qaf.automation.step.client.Scenario.scenario(Scenario.java:199)
	at org.apache.maven.surefire.testng.TestNGExecutor.run(TestNGExecutor.java:122)
	at org.apache.maven.surefire.testng.TestNGXmlTestSuite.execute(TestNGXmlTestSuite.java:92)
	at org.apache.maven.surefire.testng.TestNGProvider.invoke(TestNGProvider.java:101)
	at org.apache.maven.surefire.util.ReflectionUtils.invokeMethodWithArray(ReflectionUtils.java:164)
	at org.apache.maven.surefire.booter.ProviderFactory$ProviderProxy.invoke(ProviderFactory.java:110)
	at org.apache.maven.surefire.booter.SurefireStarter.invokeProvider(SurefireStarter.java:172)
	at org.apache.maven.surefire.booter.SurefireStarter.runSuitesInProcessWhenForked(SurefireStarter.java:104)
	at org.apache.maven.surefire.booter.ForkedBooter.main(ForkedBooter.java:70)
Caused by: com.qmetry.qaf.automation.core.AutomationError: Driver file not exist.
	at com.qmetry.qaf.automation.ui.webdriver.ChromeDriverHelper.createAndStartService(ChromeDriverHelper.java:51)
	at com.qmetry.qaf.automation.ui.webdriver.ChromeDriverHelper.getService(ChromeDriverHelper.java:88)
	at com.qmetry.qaf.automation.ui.UiDriverFactory$Browsers.getDriver(UiDriverFactory.java:370)
	at com.qmetry.qaf.automation.ui.UiDriverFactory$Browsers.access$4(UiDriverFactory.java:363)
	at com.qmetry.qaf.automation.ui.UiDriverFactory.getDriver(UiDriverFactory.java:220)
	at com.qmetry.qaf.automation.ui.UiDriverFactory.get(UiDriverFactory.java:95)
	at com.qmetry.qaf.automation.core.QAFTestBase.init(QAFTestBase.java:364)
	at com.qmetry.qaf.automation.core.QAFTestBase.getUiDriver(QAFTestBase.java:162)
	at com.qmetry.qaf.automation.ui.WebDriverTestBase.getDriver(WebDriverTestBase.java:47)
	at com.qmetry.qaf.automation.step.CommonStep.get(CommonStep.java:313)
	at sun.reflect.NativeMethodAccessorImpl.invoke0(Native Method)
	at sun.reflect.NativeMethodAccessorImpl.invoke(NativeMethodAccessorImpl.java:62)
	at sun.reflect.DelegatingMethodAccessorImpl.invoke(DelegatingMethodAccessorImpl.java:43)
	at java.lang.reflect.Method.invoke(Method.java:497)
	at com.qmetry.qaf.automation.step.JavaStep.doExecute(JavaStep.java:129)
	at com.qmetry.qaf.automation.step.BaseTestStep.execute(BaseTestStep.java:148)
	at com.qmetry.qaf.automation.step.StringTestStep.execute(StringTestStep.java:109)
	at com.qmetry.qaf.automation.step.client.Scenario.execute(Scenario.java:151)
	at com.qmetry.qaf.automation.step.client.Scenario.scenario(Scenario.java:199)
	at sun.reflect.NativeMethodAccessorImpl.invoke0(Native Method)
	at sun.reflect.NativeMethodAccessorImpl.invoke(NativeMethodAccessorImpl.java:62)
	at sun.reflect.DelegatingMethodAccessorImpl.invoke(DelegatingMethodAccessorImpl.java:43)
	at java.lang.reflect.Method.invoke(Method.java:497)
	at org.testng.internal.MethodInvocationHelper.invokeMethod(MethodInvocationHelper.java:84)
	at org.testng.internal.Invoker.invokeMethod(Invoker.java:714)
	at org.testng.internal.Invoker.invokeTestMethod(Invoker.java:901)
	at org.testng.internal.Invoker.invokeTestMethods(Invoker.java:1231)
	at org.testng.internal.TestMethodWorker.invokeTestMethods(TestMethodWorker.java:127)
	at org.testng.internal.TestMethodWorker.run(TestMethodWorker.java:111)
	at org.testng.TestRunner.privateRun(TestRunner.java:741)
	at org.testng.TestRunner.run(TestRunner.java:595)
	at org.testng.SuiteRunner.runTest(SuiteRunner.java:334)
	at org.testng.SuiteRunner.runSequentially(SuiteRunner.java:329)
	at org.testng.SuiteRunner.privateRun(SuiteRunner.java:291)
	at org.testng.SuiteRunner.run(SuiteRunner.java:240)
	at org.testng.SuiteRunnerWorker.runSuite(SuiteRunnerWorker.java:52)
	at org.testng.SuiteRunnerWorker.run(SuiteRunnerWorker.java:86)
	at org.testng.TestNG.runSuitesSequentially(TestNG.java:1224)
	at org.testng.TestNG.runSuitesLocally(TestNG.java:1149)
	at org.testng.TestNG.run(TestNG.java:1057)
	at org.apache.maven.surefire.testng.TestNGExecutor.run(TestNGExecutor.java:122)
	at org.apache.maven.surefire.testng.TestNGXmlTestSuite.execute(TestNGXmlTestSuite.java:92)
	at org.apache.maven.surefire.testng.TestNGProvider.invoke(TestNGProvider.java:101)
	at sun.reflect.NativeMethodAccessorImpl.invoke0(Native Method)
	at sun.reflect.NativeMethodAccessorImpl.invoke(NativeMethodAccessorImpl.java:62)
	at sun.reflect.DelegatingMethodAccessorImpl.invoke(DelegatingMethodAccessorImpl.java:43)
	at java.lang.reflect.Method.invoke(Method.java:497)
	... 5 more
]]>
    </failure>
  </testcase> <!-- SampleTest -->
</testsuite> <!-- com.qmetry.qaf.automation.step.client.Scenario -->
