<?xml version="1.0" encoding="UTF-8"?>
<!-- Generated by org.testng.reporters.JUnitReportReporter -->
<testsuite hostname="Sourya" name="com.qmetry.qaf.automation.step.client.Scenario" tests="1" failures="0" timestamp="18 Jul 2017 10:19:21 GMT" time="16.767" errors="0">
  <testcase name="SampleTest" time="16.767" classname="com.qmetry.qaf.automation.step.client.Scenario"/>
</testsuite> <!-- com.qmetry.qaf.automation.step.client.Scenario -->
