<?xml version="1.0" encoding="UTF-8"?>
<!-- Generated by org.testng.reporters.JUnitReportReporter -->
<testsuite skipped="0" hostname="Sourya" name="com.upraise.cloud.tests.UpcloudTest" tests="1" failures="0" timestamp="25 Jul 2017 06:36:05 GMT" time="30.141" errors="0">
  <testcase name="upraiselogin" time="30.141" classname="com.upraise.cloud.tests.UpcloudTest"/>
</testsuite> <!-- com.upraise.cloud.tests.UpcloudTest -->
